[    0.000000] Linux version 4.15.0-51-generic (buildd@lgw01-amd64-059) (gcc version 7.3.0 (Ubuntu 7.3.0-16ubuntu3)) #55-Ubuntu SMP Wed May 15 14:27:21 UTC 19 (Ubuu .1.0-51.55-generic 4.15.18)
[    0.000000] Command line: BOOT_IMAGE=/boot/vmlinuz-4.15.0-51-generic root=LABEL=cloudimg-rootfs ro console=tty1 console=ttyS0
[    0.000000] KERNEL supported cpus:
[    0.000000]   Intel GenuineIntel
[    0.000000]   AMD AuthenticAMD
[    0.000000]   Centaur CentaurHauls
[   0.000000] x86/fpu: Supporting XSAVE feature 0x001: 'x87 floating point registers'
[    0.000000] x86/fpu: Supporting XSAVE feature 0x002: 'SSE registers'
[    0.000000] x86/fpu: Supporting XSAVE feature 0x0: 'AVX registers'
[    0.000] x86/fpu: xstate_offset[2]:  576, xstate_sizes[2]:  256
[    0.000000] x86/fpu: Enabled xstate features 0x7, context size is 832 bytes, using 'standard' format.
[    0.000000] e820: BIOS-provided physical RAM map:
[    0.000000] BIOS-e820: [mem 0x0000000000000000-0x000000000009fbff] usable
[    0.000000] BIOS-e820: [mem 0x000000000009fc00-0x000000000009ffff] reserved
[    0.000000] BIOS-e820: [mem 0x00000000000f0000-0x00000000000fffff] reserved
[    0.00000]BIOS-e820: [mem 0x0000000000100000-0x000000003ffeffff] usable
[    0.000000] BIOS-e820: [mem 0x000000003fff0000-0x000000003fffffff] ACPI data
[    0.000000] BIOS-e820: [mem 0x00000000fec00000-0x00000000fec00fff] reserved
[    0.000000] BIOS-e820: [mem 0x00000000fee00000-0x00000000fee00fff] reserved
[    0.000000] BIOS-e820: [mem 0x00000000fffc0000-0x00000000ffffffff] reserved
[    0.000000] NX (Execute Disable) protection: active
[    0.000000] SMBIOS 2.5 present.
[    0.000000] DMI: innotek GmbH VirtualBox/VirtualBox, BIOS VirtualBox 12/01/2006
[   0.000000] Hypervisor detected: KVM
[   0.000000] e820: last_pfn = 0xff0 max_arch_pfn = 0x400000000
[    0.000000] MTRR: Disabled
[    0.000000] 86/PAT: MTRRs disabled, skipping PAT initialization too.
[    0.000000] CPU MTRRs all blank - virtualized system.
[  0.000000] x86/PAT: Configuration [0-7]: WB  WT  UC- UC  WB  WT  UC- UC  
[    0.000000] found SMP MP-table at [mem 0x0009fff0-0x0009ffff] mapped at [        (ptrval)]
    0.000000] Scanning 1 areas for low memory corruption
[    0.000000] RAMDISK: [mem 0x359cd000-0x36cddfff]
[    0.000000] ACPI: Early table checksum verification disabled
[    0.000000] ACPI: RSDP 0x00000000000E0000 000024 (v02 VBOX  )
[    0.000000] ACPI: XSDT 0x000000003FFF0030 00003C (v01 VBOX   VBOXXSDT 00000001 ASL  0000061)
[    0.0000] ACPI: FACP 0x000000003FFF00F0 0000F4 (v04 VBOX   VBOXFACP 00000001 ASL  00000061)
[    0.000000] ACPI: DSDT 0x000000003FFF0470 0021FF (v02 VBOX   VBOXBIOS 00000002 INTL 20100528)
[    0.000000] ACPI: FACS 0x000000003FFF0200 000040
[    0.000000] ACPI: FACS 0x000000003FFF0200 000040
[    0.000000] ACPI: APIC 0x000000003FFF0240 00005C (v02 VBOX   VBOXAPIC 00000001 ASL  00000061)
[    0.000000] ACPI: SSDT 0x000000003FFF02A0 0001CC (v01 VBOX   VBOXCPUT 00000002 INTL 20100528)
[    0.000000] No NUMA configuration found
[    0.000000] Faking a node at [mem 0x0000000000000000-0x000000003ffeffff]
[    0.000000] NODE_DATA(0) allocated [mem 0x3ffc5000-0x3ffeffff]
[    0.000000] kvm-clock: cpu 0, msr 0:3ff44001, primary cpu clock
[    0.000000] kvm-clock: Using msrs 4b564d01 and 4b564d00
[    0.000000] kvm-clock: using sched offset of 5132246980 cycles
[    0.000000] clocksource: kvm-clock: mask: 0xffffffffffffffff max_cycles: 0x1cd42e4dffb, max_idle_ns: 881590591483 ns
[    0.000000] Zone rans:
[    0.0000]   DMA      [mem 0x0000000000001000-0x0000000000ffffff]
[    0.000000]   DMA32    [mem 0x0000000001000000-0x000000003ffeffff]
[    0.000000]   Normal   empty
[    0.000000]   Device   empty
[    0.000000] Movable zone start for each node
[    0.000000] Early memory node ranges
[    0.000000]   node   0: [mem 0x0000000000001000-0x000000000009efff]
[    0.000000]   node   0: [mem 0x0000000000100000-0x000000003ffeffff]
[    0.000000] Reserved but unavailable: 114 pages
[    0.000000] Initmem setup node 0 [mem 0x0000000000001000-0x000000003ffeffff]
[    0.000000] ACPI: PM-Timer IO Port: 0x4008
[    0.000000] IOAIC[0]: apic_id 2, version 32, dress 0xfec00000, GSI 0-23
[    0.000000] ACPI: INT_SRC_OVR (bus 0 bus_irq 0 global_irq 2 dfl dfl)
[    0.000000] ACPI: INT_SRC_OVR (bus 0 bus_irq 9 global_irq 9 low level)
[    0.000000] Using ACPI (MADT) for SMP configuration information
[    0.000000] smpboot: Allowing 2 CPUs, 0 hotplug CPUs
[    0.000000 P: Regisred nosave meoory: [mem 0x00000000-0x00000fff]
[    0.000000] PM: Registered nosave memory: [mem 0x0009f000-0x0009ffff]
[    0.000000] PM: Registered nosave memoy: [mem 000a0000-0x000effff]
[    0.0000] PMReistered nosavmemory: [mem 0x000f0000-0x000fffff]
[    00000] e820: [mem 0x40000000-0xfebfffff] available for PCI devices
[    0.000000] Booting paravirtualized kernel on KVM
[    0.000000] clocksource: refined-jiffies: mask: 0xffffffff max_cycles: 0xffffffff, max_idle_ns: 7645519600211568 ns
[    0.000000] random: get_ndom_bytes called from start_kernel+0x99/x4fd with crng_init=0
[    0.000000] setup_percpu:NR_CPUS:8192 nr_cpumask_bits:2 nr_cpu_ids:2 nr_node_ids:1
[    0.000000] percpu: Embedded 46 pages/cpu @        (ptrval) s151552 r8192 d28672 u1048576
[    0.000000] PV qspinlock hash table entries: 256 (order: 0, 4096 bytes)
[    0.000000] Built 1 zonelists, mobility grouping on.  Total pages: 257913
[    0.000000] Policy zone: DMA32
[    0.000000] Kernel command line: BOOT_IMAGE=/boot/vmlinuz-4.15.0-51-generic root=LABEL=cloudimg-rootfs ro console=tty1 console=ttyS0
[    0.000000] Memory: 983060K/1048120K available (12300K kernel code, 2473K rwdata, 4272K rodata, 2408K init, 2416K bss, 65060K reserved, 0K cma-reserved)
[    0.000000] SLUB: HWalign=64, Order=0-3, MinObjects=0, CPUs=2, Nodes=1
[    0.000000] Kernel/User page tables isolation: enabled
[    0.000000] ftrace: allocating 39215 entries in 154 pages
[    0.004000] Hierarchical RCU implementati.
[    0.004000] 	RCU restricting CPUs from NR_CPUS=8192 to nr_cpu_ids=2.
[    0.004000] 	Tasks RCU enabled.
[    0.004000] RCU: Adjusting geometry for rcu_fanout_leaf=16, nr_cpu_ids=2
[    0.004000] NR_IRQS: 524544, nr_irqs: 440, preallocated irqs: 16
[    0.004000] Console: colour VGA+ 80x25
[    0.004000] console [tty1] enabled
[    0.004000] console [ttyS0] enabled
[    0.004000] ACPI: Core revison 270831
[    0.004000] ACPI: 2 ACPI AML tables successfully acquired and loaded
[    0.004000] APIC: Switch to symmetric I/O mode setup
[    0.004000] x2apic enabled
[    0.004000] Switched APIC routing to physical x2apic.
[    0.004922] ..TIMER: vector=0x30 apic1=0 pin1=2 apic2=-1 pin2=-1
[    0.008003] tsc: Detected 2303.998 MHz processor
[    0.009173] Calibrating delay loop (skipped) preset value.. 4607.99 BogoMIPS (lpj=9215992)
[    0.012006] pid_max: default: 32768 minimum: 301
[    0.016041] Security Framework initialized
[    0.016897] Yama: becoming mindful.
[    0.017652] AppArmor: AppArmor initialized
[    0.021354] Dentry cache hash table entries: 131072 (order: 8, 1048576 bytes)
[    0.024071] Inode-cache hash table entries: 65536 (order: 7, 524288 bytes)
[    0.028029] Mount-cache hash table entries: 2048 (order: 2, 16384 bytes)
[    0.029355] Mountpoint-cache hash table entries: 2048 (order: 2, 16384 bytes)
[    0.030961] mce: CPU supports 0 MCE banks
[    0.032014] Last level iTLB entries: 4KB 64, 2MB 8, 4MB 8
[    0.033094] Last level dTLB entries: 4KB 64, 2MB 0, 4MB 0, 1GB 4
[    0.034278] Spectre V2 : Mitigation: Full generic retpoline
[    0.035427] Spectre V2 : Spectre v2 / SpectreRSB mitigation: Filling RSB on context switch
[    0.036006] Speculative Store Bypass: Vulnerable
[    0.037374] MDS: Vulnerable: Clear CPU buffers attempted, no microcode
[    0.040087] Freeing SMP alternatives memory: 36K
[  0.48000] smpboot: CPU0: Intel(R) Core(TM)i536 C @.30GHz (family: 0x6, model: 0x8 sppg:x9
[  0048083] Performance Events: unsupported p6 CPU model 142 no PMU driver, software events only.
[    0.052052] errchical SRCU implementation.
[    0.056931] NMI watchdog: Perf event create on CPU 0 failed with -2
[    0.060003] NMI watchdog: Perf NMI watchdog permanently disabled
[    0.064089] smp: Bringing up secondary CPUs ...
[    0.068089] x86: Booting SMP configuration:
[    0.072004] .... node  #0, CPUs:      #1
[    0.004000] kvm-clock: cpu 1, msr 0:3ff44041, secondary cpu clock
[    0.004000] mce: CPU supports 0 MCE banks
[    0.094546] smp: Brought up 1 node, 2 CPUs
[    0.096006] smpboot: Max logical packages: 1
[    0.097174] smpboot: Total of 2 processors activated (9215.99 BogoMIPS)
[    0.100129] devtmpfs: initialized
[    0.104063] x86/mm: Memory block size: 128MB
[    0.108158] evm: security.selinux
[    0.109083] evm: security.SMACK64
[    0.112007] evm: security.SMACK64EXEC
[    0.116005] evm: security.SMACK64TRANSMUTE
[    0.120006] evm: security.SMACK64MMAP
[    0.124005] evm: security.apparmor
[    0.125284] evm: security.ima
[    0.128006] evm: security.capability
[    0.132152] clocksource: jiffies: mask: 0xffffffff max_cycles: 0xffffffff, max_idle_ns: 7645041785100000 ns
[    0.136012] futex hash table entries: 512 (order: 3, 32768 bytes)
[    0.144092] pinctrl core: initialized pinctrl subsystem
[    0.148376] RTC time:  9:23:04, date: 06/06/19
[    0.152174] NET: Registered protocol family 16
[    0.156091] audit: initializing netlink subsys (disabled)
[    0.160060] audit: type=2000 audit(1559812988.408:1): state=initialized audit_enabled=0 res=1
[    0.200012] cpuidle: using governor ladder
[    0.204018] cpuidle: using governor menu
[    0.208062] ACPI: bus type PCI registered
[    0.212007] acpiphp: ACPI Hot Plug PCI Controller Driver version: 0.5
[    0.220022] PCI: Using configuration type 1 for base access
[    0.228879] HugeTLB registered 2.00 MiB page size, pre-allocated 0 pages
[    0.236086] ACPI: Added _OSI(Module Device)
[    0.240016] ACPI: Added _OSI(Processor Device)
[    0.244063] ACPI: Added _OSI(3.0 _SCP Extensions)
[    0.248006] ACPI: Added _OSI(Processor Aggregator Device)
[    0.252008] ACPI: Added _OSI(Linux-Dell-Video)
[    0.256009] ACPI: Added _OSI(Linux-Lenovo-NV-HDMI-Audio)
[    0.260011] ACPI: Added _OSI(Linux-HPI-Hybrid-Graphics)
[    0.264405] ACPI: Executed 1 blocks of module-level executable AML code
[    0.270831] ACPI: Interpreter enabled
[    0.272015] ACPI: (supports S0 S5)
[    0.276004] ACPI: Using IOAPIC for interrupt routing
[    0.280224] PCI: Using host bridge windows from ACPI; if necessary, use "pci=nocrs" and report a bug
[    0.284222] ACPI: Enabled 2 GPEs in block 00 to 07
[    0.298685] ACPI: PCI Root Bridge [PCI0] (domain 0000 [bus 00-ff])
[    0.300021] acpi PNP0A03:00: _OSC: OS supports [ASPM ClockPM Segments MSI]
[    0.304044] acpi PNP0A03:00: _OSC: not requesting OS control; OS requires [ExtendedConfig ASPM ClockPM MSI]
[    0.308022] acpi PNP0A03:00: fail to add MMCONFIG information, can't access extended PCI configuration space under this bridge.
[    0.316323] PCI host bridge to bus 0000:00
[    0.319145] pci_bus 0000:00: root bus resource [io  0x0000-0x0cf7 window]
[    0.320007] pci_bus 0000:00: root bus resource [io  0x0d00-0xffff window]
[    0.322042] pci_bus 0000:00: root bus resource [mem 0x000a0000-0x000bffff window]
[    0.324012] pci_bus 0000:00: root bus resource [mem 0x40000000-0xfdffffff window]
[    0.328014] pci_bus 0000:00: root bus resource [bus 00-ff]
[    0.336252] pci 0000:00:01.1: legacy IDE quirk: reg 0x10: [io  0x01f0-0x01f7]
[    0.340010] pci 0000:00:01.1: legacy IDE quirk: reg 0x14: [io  0x03f6]
[    0.342853] pci 0000:00:01.1: legacy IDE quirk: reg 0x18: [io  0x0170-0x0177]
[    0.344009] pci 0000:00:01.1: legacy IDE quirk: reg 0x1c: [io  0x0376]
[    0.374799] pci 0000:00:07.0: quirk: [io  0x4000-0x403f] claimed by PIIX4 ACPI
[    0.376038] pci 0000:00:07.0: quirk: [io  0x4100-0x410f] claimed by PIIX4 SMB
[    0.394910] ACPI: PCI Interrupt Link [LNKA] (IRQs 5 9 10 *11)
[    0.396332] ACPI: PCI Interrupt Link [LNKB] (IRQs 5 9 *10 11)
[    0.404064] ACPI: PCI Interrupt Link [LNKC] (IRQs 5 *9 10 11)
[    0.408166] ACPI: PCI Interrupt Link [LNKD] (IRQs 5 9 10 *11)
[    0.412565] SCSI subsystem initialized
[    0.416074] pci 0000:00:02.0: vgaarb: setting as boot VGA device
[    0.420000] pci 0000:00:02.0: vgaarb: VGA device added: decodes=io+mem,owns=io+mem,locks=none
[    0.420015] pci 0000:00:02.0: vgaarb: bridge control possible
[    0.424005] vgaarb: loaded
[    0.424830] ACPI: bus type USB registered
[    0.428040] usbcore: registered new interface driver usbfs
[    0.432010] usbcore: registered new interface driver hub
[    0.434617] usbcore: registered new device driver usb
[    0.436065] EDAC MC: Ver: 3.0.0
[    0.437240] PCI: Using ACPI for IRQ routing
[    0.437457] NetLabel: Initializing
[    0.440002] NetLabel:  domain hash size = 128
[    0.441000] NetLabel:  protocols = UNLABELED CIPSOv4 CALIPSO
[    0.442760] NetLabel:  unlabeled traffic allowed by default
[    0.444088] clocksource: Switched to clocksource kvm-clock
[    0.456799] VFS: Disk quotas dquot_6.6.0
[    0.460661] VFS: Dquot-cache hash table entries: 512 (order 0, 4096 bytes)
[    0.462445] AppArmor: AppArr lest Ebled
[    0.681675] pnp: PnP ACPI init
[  0.674 p: P PIfond 3evices
[  10866] clocksource: acpi_pm: mask: 0xffffff max_cycles: 0xffffff, max_idle_ns: 2085701024 ns
[    1.234693] NET: Registered protocol fil2
[    1.350152] TCP established hash table entries: 8192 (order: 4, 65536 bytes)
[    1.353274] TCP bind hash table entries: 8192 (order: 5, 131072 bytes)
[    1.360740] TCP: Hash tables configured (established 8192 bind 8192)
[    1.362459] UDP hash table entries: 512 (order: 2, 16384 bytes)
[    1.364008] UDP-Lite hash table entries: 512 (order: 2, 16384 bytes)
[    1.365724] NET: Register ptol mi 1[  1229]ci00000. Litg ret PCI/PCI transfers
[    2.157212] pci 0000:00:01.0: Activating ISA DMA hang workarounds
[    2.158873] pci 0000:00:02.0: Video device itshadowed ROM at [mem 0x000c0000-0x000dffff]
[    2.235714] Unpacking initram...

[    2.593740] Freeing initrd memory: 19524K
[    2.607426] clocksource: tsc: mask: 0xffffffffffffffff max_cycles: 0x2135f5e6f15, max_idle_ns: 440795231538 ns
[    2.622705] platform rtc_cmos: registered platform RTC device (no PNP device found)
[    2.655951] Scanning for low memory corruption every 60 seconds
[    2.702611] Initialise system trusted keyrings
[    2.731677] Key type blacklist registered
[    2.738874] workingset: timestamp_bits=36 max_order=18 bucket_order=0
[    2.760429] zbud: loaded
[    2.761644] squashfs: version 4.0 (2009/01/31) Phillip Lougher
[    2.820177] fuse init (API version 7.26)
[    2.839999] Key type asymmetric registered
[    2.840914] Asymmetric key parser 'x509' registered
[    2.841940] Block layer SCSI generic (bsg) driver version 0.4 loaded (major 246)
[    2.843501] io scheduler noop registered
[    2.862527] io scheduler deadline registered
[    2.870863] io scheduler cfq registered (default)
[    2.872699] ACPI: AC Adapter [AC] (on-line)
[    2.890810] input: Power Button as /devices/LNXSYSTM:00/LNXPWRBN:00/input/input0
[    2.954990] ACPI: Power Button [PWRF]
[    3.013303] input: Sleep Button as /devices/LNXSYSTM:00/LNXSLPBN:00/input/input1
[    3.058438] ACPI: Sleep Button [SLPF]
[    3.060941] ACPI: Battery Slot [BAT0] (battery present)
[    31471] Serial: 8250/16550 driver, 32 ports, IRQ sharing enabled
[  3607] 002tt0  I 0x3f8 (irq = 4, base_baud = 115200) is a 16550A
[    3.700752] Linux agpgart interface v0.103
[    3.703228] loop: module loaded
[    3.732740] scsi host0: ata_piix
[    3.773405] scsi host1: ata_piix
[    3.813540] ata1: PATA max UDMA/33 cmd 0x1f0 ctl 0x3f6 bmdma 0xd000 irq 14
[    3.832411] ata2: PATA max UDMA/33 cmd 0x170 ctl 0x376 bmdma 0xd008 irq 15
[    3.901926] libphy: Fixed MDIO Bus: probed
[    3.90894 t: iversal UN/TAP device driver, 1.6
[    4.093288] PPP generic driver version 2.4.2
[    4.138101] ehci_hcd: USB 2.0 'Enhanced' Host Controller (EHCI) Driver
[    4.142958] ehci-pci: EHCI PCI platform driver
[    4.144450] ehci-platform: EHCI generic platform driver
[    4.151270] ohci_hcd: USB 1.1 'Open' Host Controller (OHCI) Driver
[    4.213964] ohci-pci: OHCI PCI platform driver
[    4.235792] ohci-platform: OHCI generic platform driver
[    4.253719] uhci_hcd: USB Universal Host Controller Interface driver
[    4.25736] 04 P: /2 Controller [PNP0303:PS2K,PNP0f03:PS2M] at 0x60,0x64 irq 1,12
[    4.458584] serio: i8042 KBD port at 0x60,0x64 irq 1
[    4.460046] serio: i8042 UX port at 0x60,0x64 irq 12

[    4.489497] mousedev: PS/2 mouse device common for all mice
[    4.493219] input: AT Translated Set 2 keyboard as /devices/platform/i8042/serio0/input/input2
[    4.500159] rtc_cmos rtc_cmos: rtc core: registered rtc_cmos as rtc0
[    4.500236] rtc_cmos rtc_cmos: alarms up to one day, 114 bytes nvram
[    4.500250] i2c /dev entries driver
[    4.500323] device-mapper: uevent: version 1.0.3
[    4.500402] device-mapper: ioctl: 4.37.0-ioctl (2017-09-20) initialised: dm-devel@redhat.com
[    4.527528] ledtrig-cpu: registered to indicate activity on CPUs
[    4.558415] NET: Registered protocol family 10
[    4.563861] Segment Routing with IPv6
[    4.597288] NET: Registered protocol family 17
[    4.598641] Key type dns_resolver registered
[    4.617910] RAS: Correctable Errors collector initialized.
[    4.715369] sched_clock: Marking stable (4715320959, 0)->(8422844583, -3707523624)
[    4.798704] registered taskstats version 1
[    4.836913] Loading compiled-in X.509 certificates
[    4.840420] Loaded X.509 cert 'Build time autogenerated kernel key: c1fa4cde9d34780ae4ae655b856adc042b663c06'
[    4.905393] zswap: loaded using pool lzo/zbud
[    4.939346] Key type big_key registered
[    4.974869] Key type trusted registered
[    5.023864] Key type encrypted registered
[    5.124714] AppArmor: AppArmor sha1 policy hashing enabled
[    5.127412] ima: No TPM chip found, activating TPM-bypass! (rc=-19)
[    5.148879] ima: Allocated hash algorithm: sha1
[    5.150126] evm: HMAC attrs: 0x1
[    5.151363]   Magic number: 7:226:373
[    5.181436] vc vcsa1: hash matches
[    5.182529] rtc_cmos rtc_cmos: setting system clock to 2019-06-06 09:23:10 UTC (1559812990)
[    5.213748] BIOS EDD facility v0.16 2004-Jun-25, 0 devices found
[    5.236074] EDD information not available.
[    5.241006] Freeing unused kernel image memory: 2408K
[    5.288357] Write protecting the kernel read-only data: 20480k
[    5.386757] Freeing unused kernel image memory: 2008K
[    5.525930] Freeing unused kernel image memory: 1872K
[    5.562361] x86/mm: Checked W+X mappings: passed, no W+X pages found.
[    5.563825] x86/mm: Checking user space page tables
[    5.569389] x86/mm: Checked W+X mappings: passed, no W+X pages found.
Loading, please wait...
starting version 237
[    5.663020] e1000: Intel(R) PRO/1000 Network Driver - version 7.3.21-k8-NAPI
[    5.665067] e1000: Copyright (c) 1999-2006 Intel Corporation.
[    5.669005] Fusion MPT base driver 3.04.20
[    5.670180] Copyright (c) 1999-2008 LSI Corporation
[    5.685932] AVX2 version of gcm_enc/dec engaged.
[    5.687053] AES CTR mode by8 optimization enabled
[    5.701127] Fusion MPT SPI Host driver 3.04.20
[    5.710578] vboxvideo: loading out-of-tree module taints kernel.
[    5.712529] vboxvideo: module verification failed: signature and/or required key missing - tainting kernel
[    5.869181] input: ImExPS/2 Generic Explorer Mouse as /devices/platform/i8042/serio1/input/input4
[    6.094752] e1000 0000:00:03.0 eth0: (PCI:33MHz:32-bit) 02:06:b1:f3:7b:7f
[    6.232646] e1000 0000:00:03.0 eth0: Intel(R) PRO/1000 Network Connection
[    6.647210] e1000 0000:00:08.0 eth1: (PCI:33MHz:32-bit) 08:00:27:e6:28:6f
[    6.659391] e1000 0000:00:08.0 eth1: Intel(R) PRO/1000 Network Connection
[    6.670424] e1000 0000:00:03.0 enp0s3: renamed from eth0
[    6.672985] mptbase: ioc0: Initiating bringup
[    6.692604] e1000 0000:00:08.0 enp0s8: renamed from eth1
[    6.776602] ioc0: LSI53C1030 A0: Capabilities={Initiator}
[    8.235596] scsi host2: ioc0: LSI53C1030 A0, FwRev=00000000h, Ports=1, MaxQ=256, IRQ=20
[    9.147374] scsi 2:0:0:0: Direct-Access     VBOX     HARDDISK         1.0  PQ: 0 ANSI: 5
[    9.149209] [drm] VRAM 01000000
[    9.149425] [TTM] Zone  kernel: Available graphics memory: 504454 kiB
[    9.149426] [TTM] Initializing pool allocator
[    9.149430] [TTM] Initializing DMA pool allocator
[    9.319667] fbcon: vboxdrmfb (fb0) is primary device
[    9.321356] Console: switching to colour frame buffer device 100x37
[    9.436291] vboxvideo 0000:00:02.0: fb0: vboxdrmfb frame buffer device
[    9.492057] scsi target2:0:0: Beginning Domain Validation
[    9.564082] [drm] Initialized vboxvideo 1.0.0 20130823 for 0000:00:02.0 on minor 0
[   10.154374] scsi target2:0:0: Domain Validation skipping write tests
[   10.222057] scsi target2:0:0: Ending Domain Validation
[   10.240859] scsi target2:0:0: asynchronous
[   10.242604] scsi 2:0:1:0: Direct-Access     VBOX     HARDDISK         1.0  PQ: 0 ANSI: 5
[   10.296072] scsi target2:0:1: Beginning Domain Validation
[   10.386967] random: fast init done
[   10.655252] scsi target2:0:1: Domain Validation skipping write tests
[   10.901739] scsi target2:0:1: Ending Domain Validation
[   10.928204] scsi target2:0:1: asynchronous
[   11.027718] random: systemd-udevd: uninitialized urandom read (16 bytes read)
[   11.027727] sd 2:0:0:0: Attached scsi generic sg0 type 0
[   11.030340] random: systemd-udevd: uninitialized urandom read (16 bytes read)
[   11.031797] sd 2:0:1:0: Attached scsi generic sg1 type 0
[   11.031810] random: systemd-udevd: uninitialized urandom read (16 bytes read)
[   11.031873] sd 2:0:0:0: [sda] 20971520 512-byte logical blocks: (10.7 GB/10.0 GiB)
[   11.033592] sd 2:0:0:0: [sda] Write Protect is off
[   11.033792] sd 2:0:0:0: [sda] Incomplete mode parameter data
[   11.033793] sd 2:0:0:0: [sda] Assuming drive cache: write through
[   11.034980]  sda: sda1
[   11.035556] sd 2:0:0:0: [sda] Attached SCSI disk
[   11.035865] sd 2:0:1:0: [sdb] 20480 512-byte logical blocks: (10.5 MB/10.0 MiB)
[   11.035952] sd 2:0:1:0: [sdb] Write Protect is off
[   11.036136] sd 2:0:1:0: [sdb] Incomplete mode parameter data
[   11.036137] sd 2:0:1:0: [sdb] Assuming drive cache: write through
[   11.038809] sd 2:0:1:0: [sdb] Attached SCSI disk
Begin: Loading essential drivers ... [   11.332245] raid6: sse2x1   gen() 12452 MB/s
[   11.404397] raid6: sse2x1   xor()  8955 MB/s
[   11.492223] raid6: sse2x2   gen() 15479 MB/s
[   11.580246] raid6: sse2x2   xor() 10161 MB/s
[   11.672292] raid6: sse2x4   gen() 17820 MB/s
[   11.760255] raid6: sse2x4   xor() 10428 MB/s
[   11.812223] raid6: avx2x1   gen() 24709 MB/s
[   11.896071] raid6: avx2x1   xor() 17206 MB/s
[   11.984230] raid6: avx2x2   gen() 30651 MB/s
[   12.072325] raid6: avx2x2   xor() 19060 MB/s
[   12.164255] raid6: avx2x4   gen() 34742 MB/s
[   12.216146] raid6: avx2x4   xor() 13665 MB/s
[   12.221137] raid6: using algorithm avx2x4 gen() 34742 MB/s
[   12.226836] raid6: .... xor() 13665 MB/s, rmw enabled
[   12.234342] raid6: using avx2x2 recovery algorithm
[   12.248796] xor: automatically using best checksumming function   avx       
[   12.308429] async_tx: api initialized (async)
done.
Begin: Running /scripts/init-pre[   12.355702] Btrfs loaded, crc32c=crc32c-intel
mount ... done.
Begin: Mounting root file system ... Begin: Running /scripts/local-top ... done.
Begin: Running /scripts/local-premount ... Scanning for Btrfs filesystems
done.
Warning: fsck no[   12.406968] EXT4-fs (sda1): INFO: recovery required on readonly filesystem
t present, so skipping root file[   12.451443] EXT4-fs (sda1): write access will be enabled during recovery
 system
[   13.212907] EXT4-fs (sda1): recovery complete
[   13.253248] EXT4-fs (sda1): mounted filesystem with ordered data mode. Opts: (null)
done.
Begin: Running /scripts/local-bottom ... done.
Begin: Running /scripts/init-bottom ... done.
[   13.475018] ip_tables: (C) 2000-2006 Netfilter Core Team
[   13.487076] systemd[1]: systemd 237 running in system mode. (+PAM +AUDIT +SELINUX +IMA +APPARMOR +SMACK +SYSVINIT +UTMP +LIBCRYPTSETUP +GCRYPT +GNUTLS +ACL +XZ +LZ4 +SECCOMP +BLKID +ELFUTILS +KMOD -IDN2 +IDN -PCRE2 default-hierarchy=hybrid)
[   13.610472] systemd[1]: Detected virtualization oracle.
[   13.613259] systemd[1]: Detected architecture x86-64.

Welcome to [1mUbuntu 18.04.2 LTS[0m!

[   13.635663] systemd[1]: Set hostname to <ubuntu-bionic>.
[   13.801886] random: crng init done
[   13.803153] random: 7 urandom warning(s) missed due to ratelimiting
[   13.926193] systemd[1]: Reached target User and Group Name Lookups.
[[0;32m  OK  [0m] Reached target User and Group Name Lookups.
[   13.928826] systemd[1]: Reached target System Time Synchronized.
[[0;32m  OK  [0m] Reached target System Time Synchronized.
[   13.969126] systemd[1]: Set up automount Arbitrary Executable File Formats File System Automount Point.
[[0;32m  OK  [0m] Set up automount Arbitrary Executab…rmats File System Automount Point.
[   14.216043] systemd[1]: Created slice User and Session Slice.
[[0;32m  OK  [0m] Created slice User and Session Slice.
[   14.239519] systemd[1]: Started Forward Password Requests to Wall Directory Watch.
[[0;32m  OK  [0m] Started Forward Password Requests to Wall Directory Watch.
[   14.280629] systemd[1]: Reached target Swap.
[[0;32m  OK  [0m] Reached target Swap.
[[0;32m  OK  [0m] Created slice System Slice.
[[0;32m  OK  [0m] Listening on Network Service Netlink Socket.
[[0;32m  OK  [0m] Listening on Journal Socket.
         Mounting Huge Pages File System...
[[0;32m  OK  [0m] Reached target Slices.
[[0;32m  OK  [0m] Created slice system-serial\x2dgetty.slice.
[[0;32m  OK  [0m] Listening on udev Control Socket.
[[0;32m  OK  [0m] Listening on Journal Socket (/dev/log).
         Startin[   14.994862] EXT4-fs (sda1): re-mounted. Opts: (null)
g Remount Root and Kernel File Systems...
[[0;32m  OK  [0m] Listening on Device-mapper event daemon FIFOs.
[[0;32m  OK  [0m] Listening on Syslog Socket.
         Mounting POSIX Message Queue File System...
[[0;32m  OK  [0m] Listening on LVM2 poll daemon socket.
         Mounting Kernel Debug File System...
         Starting Load Kernel Modules...
[   15.137873] Loading iSCSI transport class v2.0-870.
[[0;32m  OK  [0m] Listening on[   15.245145] iscsi: registered transport (tcp)
 Journal Audit Socket.
         Starting Journal Servic[   15.373429] iscsi: registered transport (iser)
e...
[[0;32m  OK  [0m] Listening on LVM2 metadata daemon socket.
[[0;32m  OK  [0m] Listening on udev Kernel Socket.
         Starting udev Coldplug all Devices...
[[0;32m  OK  [0m] Listening on /dev/initctl Compatibility Named Pipe.
         Starting Uncomplicated firewall...
         Starting Set the console keyboard layout...
         Starting Create list of required st…ce nodes for the current kernel...
         Starting Monitoring of LVM2 mirrors…ng dmeventd or progress polling...
[[0;32m  OK  [0m] Started Journal Service.
[[0;32m  OK  [0m] Mounted Huge Pages File System.
[[0;32m  OK  [0m] Started Remount Root and Kernel File Systems.
[[0;32m  OK  [0m] Mounted POSIX Message Queue File System.
[[0;32m  OK  [0m] Mounted Kernel Debug File System.
[[0;32m  OK  [0m] Started Load Kernel Modules.
[[0;32m  OK  [0m] Started Uncomplicated firewall.
[[0;32m  OK  [0m] Started Create list of required sta…vice nodes for the current kernel.
[[0;32m  OK  [0m] Started LVM2 metadata daemon.
         Starting Create Static Device Nodes in /dev...
         Mounting FUSE Control File System...
         Starting Apply Kernel Variables...
         Mounting Kernel Configuration File System...
         Starting Load/Save Random Seed...
         Starting Flush Journal to Persistent Storage...
[[0;32m  OK  [0m] Started Set the console keyboard layout.
[[0;32m  OK  [0m] Started Monitoring of LVM2 mirrors,…sing dmeventd or progress polling.
[[0;32m  OK  [0m] Started udev Coldplug all Devices.
[[0;32m  OK  [0m] Started Create Static Device Nodes in /dev.
[[0;32m  OK  [0m] Mounted FUSE Control File System.
[[0;32m  OK  [0m] Started Apply Kernel Variables.
[[0;32m  OK  [0m] Mounted Kernel Configuration File System.
[[0;32m  OK  [0m] Started Load/Save Random Seed.
         Starting udev Kernel Device Manager...
[[0;32m  OK  [0m] Reached target Local File Systems (Pre).
[[0;32m  OK  [0m] Reached target Local File Systems.
         Starting AppArmor initialization...
         Starting ebtables ruleset management...
         Starting Tell Plymouth To Write Out Runtime Data...
         Starting Set console font and keymap...
[[0;32m  OK  [0m] Started udev Kernel Device Manager.
[[0;32m  OK  [0m] Started Dispatch Password Requests to Console Directory Watch.
[[0;32m  OK  [0m] Reached target Local Encrypted Volumes.
[[0;32m  OK  [0m] Started Tell Plymouth To Write Out Runtime Data.
[[0;32m  OK  [0m] Started Set console font and keymap.
[[0;32m  OK  [0m] Started Flush Journal to Persistent Storage.
         Starting Create Volatile Files and Directories...
[[0;32m  OK  [0m] Started Create Volatile Files and Directories.
         Starting Update UTMP about System Boot/Shutdown...
[[0;32m  OK  [0m] Started Update UTMP about System Boot/Shutdown.
[[0;32m  OK  [0m] Started ebtables ruleset management.
[[0;32m  OK  [0m] Found device /dev/ttyS0.
[[0;32m  OK  [0m] Listening on Load/Save RF Kill Switch Status /dev/rfkill Watch.
[[0;32m  OK  [0m] Started AppArmor initialization.
         Starting Initial cloud-init job (pre-networking)...
[   17.576586] cloud-init[535]: Cloud-init v. 19.1-1-gbaa47854-0ubuntu1~18.04.1 running 'init-local' at Thu, 06 Jun 2019 09:23:22 +0000. Up 17.38 seconds.
[[0;32m  OK  [0m] Started Initial cloud-init job (pre-networking).
[[0;32m  OK  [0m] Reached target Network (Pre).
         Starting Network Service...
[[0;32m  OK  [0m] Started Network Service.
         Starting Network Name Resolution...
         Starting Wait for Network to be Configured...
[[0;32m  OK  [0m] Started Network Name Resolution.
[[0;32m  OK  [0m] Reached target Host and Network Name Lookups.
[[0;32m  OK  [0m] Reached target Network.
[[0;32m  OK  [0m] Started Wait for Network to be Configured.
         Starting Initial cloud-init job (metadata service crawler)...
[   19.830877] cloud-init[702]: Cloud-init v. 19.1-1-gbaa47854-0ubuntu1~18.04.1 running 'init' at Thu, 06 Jun 2019 09:23:25 +0000. Up 19.70 seconds.
[   19.834536] cloud-init[702]: ci-info: ++++++++++++++++++++++++++++++++++++++Net device info+++++++++++++++++++++++++++++++++++++++
[   19.846557] cloud-init[702]: ci-info: +--------+------+-----------------------------+---------------+--------+-------------------+
[   19.856527] cloud-init[702]: ci-info: | Device |  Up  |           Address           |      Mask     | Scope  |     Hw-Address    |
[   19.876101] cloud-init[702]: ci-info: +--------+------+-----------------------------+---------------+--------+-------------------+
[   19.878326] cloud-init[702]: ci-info: | enp0s3 | True |          10.0.2.15          | 255.255.255.0 | global | 02:06:b1:f3:7b:7f |
[   19.880668] cloud-init[702]: ci-info: | enp0s3 | True |  fe80::6:b1ff:fef3:7b7f/64  |       .       |  link  | 02:06:b1:f3:7b:7f |
[   19.910494] cloud-init[702]: ci-info: | enp0s8 | True |        192.168.33.10        | 255.255.255.0 | global | 08:00:27:e6:28:6f |
[   19.913466] cloud-init[702]: ci-info: | enp0s8 | True | fe80::a00:27ff:fee6:286f/64 |       .       |  link  | 08:00:27:e6:28:6f |
[   19.930540] cloud-init[702]: ci-info: |   lo   | True |          127.0.0.1          |   255.0.0.0   |  host  |         .         |
[   19.946994] cloud-init[702]: ci-info: |   lo   | True |           ::1/128           |       .       |  host  |         .         |
[   19.958771] cloud-init[702]: ci-info: +--------+------+-----------------------------+---------------+--------+-------------------+
[   19.984704] cloud-init[702]: ci-info: +++++++++++++++++++++++++++++Route IPv4 info+++++++++++++++++++++++++++++
[   19.987844] cloud-init[702]: ci-info: +-------+--------------+----------+-----------------+-----------+-------+
[   20.014532] cloud-init[702]: ci-info: | Route | Destination  | Gateway  |     Genmask     | Interface | Flags |
[   20.017575] cloud-init[702]: ci-info: +-------+--------------+----------+-----------------+-----------+-------+
[   20.020135] cloud-init[702]: ci-info: |   0   |   0.0.0.0    | 10.0.2.2 |     0.0.0.0     |   enp0s3  |   UG  |
[   20.022720] cloud-init[702]: ci-info: |   1   |   10.0.2.0   | 0.0.0.0  |  255.255.255.0  |   enp0s3  |   U   |
[   20.025518] cloud-init[702]: ci-info: |   2   |   10.0.2.2   | 0.0.0.0  | 255.255.255.255 |   enp0s3  |   UH  |
[   20.028240] cloud-init[702]: ci-info: |   3   | 192.168.33.0 | 0.0.0.0  |  255.255.255.0  |   enp0s8  |   U   |
[   20.031597] cloud-init[702]: ci-info: +-------+--------------+----------+-----------------+-----------+-------+
[   20.034819] cloud-init[702]: ci-info: +++++++++++++++++++Route IPv6 info+++++++++++++++++++
[   20.037565] cloud-init[702]: ci-info: +-------+-------------+---------+-----------+-------+
[   20.040253] cloud-init[702]: ci-info: | Route | Destination | Gateway | Interface | Flags |
[   20.042423] cloud-init[702]: ci-info: +-------+-------------+---------+-----------+-------+
[   20.044506] cloud-init[702]: ci-info: |   1   |  fe80::/64  |    ::   |   enp0s8  |   U   |
[   20.046580] cloud-init[702]: ci-info: |   2   |  fe80::/64  |    ::   |   enp0s3  |   U   |
[   20.048674] cloud-init[702]: ci-info: |   4   |    local    |    ::   |   enp0s3  |   U   |
[   20.050858] cloud-init[702]: ci-info: |   5   |    local    |    ::   |   enp0s8  |   U   |
[   20.053036] cloud-init[702]: ci-info: |   6   |   ff00::/8  |    ::   |   enp0s8  |   U   |
[[   20.055705] cloud-init[702]: ci-info: |   7   |   ff00::/8  |    ::   |   enp0s3  |   U   |
[   20.055802] cloud-init[702]: ci-info: +-------+-------------+---------+-----------+-------+
[0;32m  OK  [0m] Started Initial cloud-init job (metadata service crawler).
[[0;32m  OK  [0m] Reached target System Initialization.
[[0;32m  OK  [0m] Listening on ACPID Listen Socket.
[[0;32m  OK  [0m] Listening on UUID daemon activation socket.
[[0;32m  OK  [0m] Listening on Open-iSCSI iscsid Socket.
         Starting LXD - unix socket.
[[0;32m  OK  [0m] Started ACPI Events Check.
[[0;32m  OK  [0m] Started Message of the Day.
[[0;32m  OK  [0m] Started Daily Cleanup of Temporary Directories.
[[0;32m  OK  [0m] Reached target Paths.
         Starting Socket activation for snappy daemon.
[[0;32m  OK  [0m] Listening on D-Bus System Message Bus Socket.
[[0;32m  OK  [0m] Started Daily apt download activities.
[[0;32m  OK  [0m] Started Daily apt upgrade and clean activities.
[[0;32m  OK  [0m] Started Discard unused blocks once a week.
[[0;32m  OK  [0m] Reached target Timers.
[[0;32m  OK  [0m] Reached target Network is Online.
[[0;32m  OK  [0m] Reached target Remote File Systems (Pre).
[[0;32m  OK  [0m] Reached target Remote File Systems.
         Starting Availability of block devices...
[[0;32m  OK  [0m] Reached target Cloud-config availability.
[[0;32m  OK  [0m] Listening on LXD - unix socket.
[[0;32m  OK  [0m] Listening on Socket activation for snappy daemon.
[[0;32m  OK  [0m] Started Availability of block devices.
[[0;32m  OK  [0m] Reached target Sockets.
[[0;32m  OK  [0m] Reached target Basic System.
         Starting Dispatcher daemon for systemd-networkd...
         Starting OpenBSD Secure Shell server...
         Starting Login Service...
[[0;32m  OK  [0m] Started D-Bus System Message Bus.
[[0;32m  OK  [0m] Started Deferred execution scheduler.
         Starting LSB: Record successful boot for GRUB...
[[0;32m  OK  [0m] Started FUSE filesystem for LXC.
         Starting vboxadd.service...
[[0;32m  OK  [0m] Started irqbalance daemon.
[[0;32m  OK  [0m] Started Regular background program processing daemon.
         Starting Permit User Sessions...
         Starting Snappy daemon...
         Starting System Logging Service...
         Starting Accounts Service...
         Starting LSB: automatic crash report generation...
         Starting LXD - container startup/shutdown...
[[0;32m  OK  [0m] Started Login Service.
[[0;32m  OK  [0m] Started Unattended Upgrades Shutdown.
[[0;32m  OK  [0m] Started Permit User Sessions.
[[0;32m  OK  [0m] Started OpenBSD Secure Shell server.
         Starting Terminate Plymouth Boot Screen...
         Starting Hold until boot process finishes up...
[[0;32m  OK  [0m] Started Hold until boot process finishes up.
[[0;32m  OK  [0m] Started Terminate Plymouth Boot Screen.
[[0;32m  OK  [0m] Started Serial Getty on ttyS0.
         Starting Set console scheme...
[[0;32m  OK  [0m] Started System Logging Service.
[[0;32m  OK  [0m] Started Set console scheme.
[[0;32m  OK  [0m] Created slice system-getty.slice.
[[0;32m  OK  [0m] Started Getty on tty1.
[[0;32m  OK  [0m] Reached target Login Prompts.
         Starting Authorization Manager...
[[0;32m  OK  [0m] Started LSB: automatic crash report generation.
[[0;32m  OK  [0m] Started Dispatcher daemon for systemd-networkd.
[[0;32m  OK  [0m] Started LSB: Record successful boot for GRUB.
[[0;32m  OK  [0m] Started Snappy daemon.
[[0;32m  OK  [0m] Started Authorization Manager.
[[0;32m  OK  [0m] Started Accounts Service.
         Starting Wait until snapd is fully seeded...
[[0;32m  OK  [0m] Started LXD - container startup/shutdown.
[[0;32m  OK  [0m] Started Wait until snapd is fully seeded.
         Starting Apply the settings specified in cloud-config...
[[0;32m  OK  [0m] Started vboxadd.service.
         Starting vboxadd-service.service...
[[0;32m  OK  [0m] Started vboxadd-service.service.
[[0;32m  OK  [0m] Reached target Multi-User System.
[[0;32m  OK  [0m] Reached target Graphical Interface.
         Starting Update UTMP about System Runlevel Changes...
[[0;32m  OK  [0m] Started Update UTMP about System Runlevel Changes.
[   22.197803] cloud-init[1087]: Cloud-init v. 19.1-1-gbaa47854-0ubuntu1~18.04.1 running 'modules:config' at Thu, 06 Jun 2019 09:23:27 +0000. Up 22.04 seconds.
[[0;32m  OK  [0m] Started Apply the settings specified in cloud-config.
         Starting Execute cloud user/final scripts...
[[0;32m  OK  [0m] Created slice User Slice of vagrant.
         Starting User Manager for UID 1000...
[[0;32m  OK  [0m] Started Session 1 of user vagrant.
[[0;32m  OK  [0m] Started User Manager for UID 1000.
[   22.840320] cloud-init[1207]: Cloud-init v. 19.1-1-gbaa47854-0ubuntu1~18.04.1 running 'modules:final' at Thu, 06 Jun 2019 09:23:28 +0000. Up 22.70 seconds.
[   22.851125] cloud-init[1207]: Cloud-init v. 19.1-1-gbaa47854-0ubuntu1~18.04.1 finished at Thu, 06 Jun 2019 09:23:28 +0000. Datasource DataSourceNoCloud [seed=/dev/sdb][dsmode=net].  Up 22.83 seconds
[[0;32m  OK  [0m] Started Execute cloud user/final scripts.
[[0;32m  OK  [0m] Reached target Cloud-init target.

Ubuntu 18.04.2 LTS ubuntu-bionic ttyS0

ubuntu-bionic login:          Stopping User Manager for UID 1000...
         Stopping Session 5 of user vagrant.
         Stopping Authorization Manager...
         Stopping Availability of block devices...
[[0;32m  OK  [0m] Stopped target Cloud-init target.
[[0;32m  OK  [0m] Stopped Execute cloud user/final scripts.
[[0;32m  OK  [0m] Stopped Apply the settings specified in cloud-config.
[[0;32m  OK  [0m] Stopped target Network is Online.
[[0;32m  OK  [0m] Stopped target Cloud-config availability.
[[0;32m  OK  [0m] Stopped target Timers.
[[0;32m  OK  [0m] Stopped Message of the Day.
[[0;32m  OK  [0m] Stopped Daily Cleanup of Temporary Directories.
[[0;32m  OK  [0m] Stopped target Graphical Interface.
[[0;32m  OK  [0m] Stopped target Multi-User System.
         Stopping System Logging Service...
         Stopping LXD - container startup/shutdown...
         Stopping irqbalance daemon...
         Stopping FUSE filesystem for LXC...
         Stopping Dispatcher daemon for systemd-networkd...
[[0;32m  OK  [0m] Stopped target Login Prompts.
         Stopping Getty on tty1...
         Stopping Serial Getty on ttyS0...
         Stopping Regular background program processing daemon...
         Stopping Unattended Upgrades Shutdown...
         Stopping OpenBSD Secure Shell server...
         Stopping LSB: automatic crash report generation...
         Stopping LSB: Record successful boot for GRUB...
         Stopping vboxadd-service.service...
[[0;32m  OK  [0m] Stopped Wait until snapd is fully seeded.
[[0;32m  OK  [0m] Stopped target Host and Network Name Lookups.
        [[0;32m  OK  [0m] Stopped Regular background program processing daemon.
[[0;32m  OK  [0m] Unmounted /var/lib/lxcfs.
[[0;32m  OK  [0m] Stopped Dispatcher daemon for systemd-networkd.
[[0;32m  OK  [0m] Stopped irqbalance daemon.
[[0;32m  OK  [0m] Stopped System Logging Service.
[[0;32m  OK  [0m] Stopped Accounts Service.
[[0;32m  OK  [0m] Stopped OpenBSD Secure Shell server.
[[0;32m  OK  [0m] Stopped Serial Getty on ttyS0.
[[0;32m  OK  [0m] Stopped Getty on tty1.
[[0;32m  OK  [0m] Stopped D-Bus System Message Bus.
[[0;32m  OK  [0m] Stopped FUSE filesystem for LXC.
[[0;32m  OK  [0m] Stopped Unattended Upgrades Shutdown.
[[0;32m  OK  [0m] Stopped Authorization Manager.
[[0;32m  OK  [0m] Stopped User Manager for UID 1000.
[[0;32m  OK  [0m] Stopped Availability of block devices.
[[0;32m  OK  [0m] Stopped Session 5 of user vagrant.
[[0;32m  OK  [0m] Removed slice User Slice of vagrant.
         Stopping Login Service...
[[0;32m  OK  [0m] Removed slice system-getty.slice.
[[0;32m  OK  [0m] Removed slice system-serial\x2dgetty.slice.
         Stopping Permit User Sessions...
[[0;32m  OK  [0m] Stopped LXD - container startup/shutdown.
[[0;32m  OK  [0m] Stopped LSB: automatic crash report generation.
[[0;32m  OK  [0m] Stopped Permit User Sessions.
[[0;32m  OK  [0m] Stopped target Network.
         Stopping Network Name Resolution...
[[0;32m  OK  [0m] Stopped target Remote File Systems.
[[0;32m  OK  [0m] Stopped target Remote File Systems (Pre).
[[0;32m  OK  [0m] Stopped LSB: Record successful boot for GRUB.
[[0;32m  OK  [0m] Stopped Network Name Resolution.
         Stopping Network Service...
[[0;32m  OK  [0m] Stopped vboxadd-service.service.
         Stopping vboxadd.service...
[[0;32m  OK  [0m] Stopped Login Service.
[[0;32m  OK  [0m] Stopped target User and Group Name Lookups.
[[0;32m  OK  [0m] Stopped Network Service.
[[0;32m  OK  [0m] Unmounted /vagrant.
[[0;32m  OK  [0m] Stopped vboxadd.service.
[[0;32m  OK  [0m] Stopped target Basic System.
[[0;32m  OK  [0m] Stopped target Sockets.
[[0;32m  OK  [0m] Closed ACPID Listen Socket.
[[0;32m  OK  [0m] Closed UUID daemon activation socket.
[[0;32m  OK  [0m] Closed Syslog Socket.
[[0;32m  OK  [0m] Closed Open-iSCSI iscsid Socket.
[[0;32m  OK  [0m] Closed Socket activation for snappy daemon.
[[0;32m  OK  [0m] Closed LXD - unix socket.
[[0;32m  OK  [0m] Closed D-Bus System Message Bus Socket.
[[0;32m  OK  [0m] Stopped target Slices.
[[0;32m  OK  [0m] Removed slice User and Session Slice.
[[0;32m  OK  [0m] Stopped target Paths.
[[0;32m  OK  [0m] Stopped ACPI Events Check.
[[0;32m  OK  [0m] Stopped target System Initialization.
[[0;32m  OK  [0m] Stopped target Local Encrypted Volumes.
[[0;32m  OK  [0m] Stopped Dispatch Password Requests to Console Directory Watch.
[[0;32m  OK  [0m] Stopped Forward Password Requests to Wall Directory Watch.
[[0;32m  OK  [0m] Stopped Initial cloud-init job (metadata service crawler).
         Stopping Update UTMP about System Boot/Shutdown...
         Stopping Load/Save Random Seed...
[[0;32m  OK  [0m] Stopped Apply Kernel Variables.
[[0;32m  OK  [0m] Stopped Load Kernel Modules.
[[0;32m  OK  [0m] Stopped target Network (Pre).
[[0;32m  OK  [0m] Stopped Initial cloud-init job (pre-networking).
[[0;32m  OK  [0m] Stopped Load/Save Random Seed.
[[0;32m  OK  [0m] Stopped Update UTMP about System Boot/Shutdown.
[[0;32m  OK  [0m] Stopped Create Volatile Files and Directories.
[[0;32m  OK  [0m] Stopped target Local File Systems.
         Unmounting /run/user/1000...
[[0;32m  OK  [0m] Unmounted /run/user/1000.
[[0;32m  OK  [0m] Reached target Unmount All Filesystems.
[[0;32m  OK  [0m] Stopped target Local File Systems (Pre).
         Stopping Monitoring of LVM2 mirrors…ng dmeventd or progress polling...
[[0;32m  OK  [0m] Stopped Remount Root and Kernel File Systems.
[[0;32m  OK  [0m] Stopped Create Static Device Nodes in /dev.
[[0;32m  OK  [0m] Stopped target Swap.
[[0;32m  OK  [0m] Reached target Shutdown.
[[0;32m  OK  [0m] Reached target Final Step.
         Starting Power-Off...
[  386.227601] reboot: Power down
